0 info it worked if it ends with ok
1 verbose cli [ '/usr/local/bin/node',
1 verbose cli   '/usr/local/bin/npm',
1 verbose cli   'run-script',
1 verbose cli   'server.js' ]
2 info using npm@1.3.8
3 info using node@v0.10.18
4 error Error: ENOENT, open '/home/prog/git/curso-robots-viedma/package.json'
5 error If you need help, you may report this log at:
5 error     <http://github.com/isaacs/npm/issues>
5 error or email it to:
5 error     <npm-@googlegroups.com>
6 error System Linux 3.9.7
7 error command "/usr/local/bin/node" "/usr/local/bin/npm" "run-script" "server.js"
8 error cwd /home/prog/git/curso-robots-viedma
9 error node -v v0.10.18
10 error npm -v 1.3.8
11 error path /home/prog/git/curso-robots-viedma/package.json
12 error code ENOENT
13 error errno 34
14 verbose exit [ 34, true ]
